<?xml version="1.0" encoding="utf-8"?><testsuites name="pytest tests"><testsuite name="pytest" errors="0" failures="0" skipped="0" tests="15" time="29.495" timestamp="2026-01-28T05:13:02.658782+00:00" hostname="agent-env-4c69ee26-f597-4a71-a236-987a9a8ae9e3"><testcase classname="tests.test_api_secundario.TestHealthAndRoot" name="test_api_root" time="0.531" /><testcase classname="tests.test_api_secundario.TestProjectsCRUD" name="test_create_project_secundario" time="0.467" /><testcase classname="tests.test_api_secundario.TestProjectsCRUD" name="test_get_projects" time="0.456" /><testcase classname="tests.test_api_secundario.TestProjectsCRUD" name="test_get_project_by_id" time="1.453" /><testcase classname="tests.test_api_secundario.TestProjectsCRUD" name="test_update_project" time="2.395" /><testcase classname="tests.test_api_secundario.TestProjectsCRUD" name="test_delete_project" time="1.847" /><testcase classname="tests.test_api_secundario.TestProjectsCRUD" name="test_get_nonexistent_project" time="0.366" /><testcase classname="tests.test_api_secundario.TestDatasets" name="test_create_dataset" time="1.316" /><testcase classname="tests.test_api_secundario.TestDatasets" name="test_get_datasets_by_project" time="1.611" /><testcase classname="tests.test_api_secundario.TestExampleDatasets" name="test_get_example_datasets" time="0.400" /><testcase classname="tests.test_api_secundario.TestChat" name="test_chat_secundario" time="10.516" /><testcase classname="tests.test_api_secundario.TestChat" name="test_chat_primario" time="3.269" /><testcase classname="tests.test_api_secundario.TestStatistics" name="test_get_statistics_for_project" time="1.614" /><testcase classname="tests.test_api_secundario.TestReports" name="test_get_reports_for_project" time="1.949" /><testcase classname="tests.test_api_secundario.TestCleanup" name="test_cleanup_test_projects" time="1.134" /></testsuite></testsuites>