<?xml version="1.0" encoding="utf-8"?><testsuites name="pytest tests"><testsuite name="pytest" errors="0" failures="0" skipped="0" tests="16" time="143.296" timestamp="2026-01-28T06:24:51.436477+00:00" hostname="agent-env-1c4b525a-f407-422c-9110-a677d00bafe1"><testcase classname="backend.tests.test_api_superior.TestHealthAndRoot" name="test_api_root" time="0.477" /><testcase classname="backend.tests.test_api_superior.TestProjectsSuperior" name="test_create_project_superior" time="0.903" /><testcase classname="backend.tests.test_api_superior.TestProjectsSuperior" name="test_create_project_regresion_type" time="0.915" /><testcase classname="backend.tests.test_api_superior.TestProjectsSuperior" name="test_create_project_inferencia_type" time="1.114" /><testcase classname="backend.tests.test_api_superior.TestProjectsSuperior" name="test_create_project_experimental_type" time="1.147" /><testcase classname="backend.tests.test_api_superior.TestProjectsSuperior" name="test_get_projects_filter_superior" time="1.186" /><testcase classname="backend.tests.test_api_superior.TestDatasetsSuperior" name="test_create_multivariate_dataset" time="1.040" /><testcase classname="backend.tests.test_api_superior.TestDatasetsSuperior" name="test_create_experimental_dataset" time="1.142" /><testcase classname="backend.tests.test_api_superior.TestChatSuperior" name="test_chat_superior_basic" time="15.970" /><testcase classname="backend.tests.test_api_superior.TestChatSuperior" name="test_chat_superior_hypothesis_testing" time="21.180" /><testcase classname="backend.tests.test_api_superior.TestChatSuperior" name="test_chat_superior_regression" time="21.531" /><testcase classname="backend.tests.test_api_superior.TestChatSuperior" name="test_chat_superior_confidence_intervals" time="21.497" /><testcase classname="backend.tests.test_api_superior.TestReportsSuperior" name="test_generate_report_superior_with_data" time="52.047" /><testcase classname="backend.tests.test_api_superior.TestReportsSuperior" name="test_get_reports_for_superior_project" time="1.165" /><testcase classname="backend.tests.test_api_superior.TestStatisticsSuperior" name="test_get_statistics_for_superior_project" time="1.152" /><testcase classname="backend.tests.test_api_superior.TestCleanup" name="test_cleanup_test_projects" time="0.773" /></testsuite></testsuites>